889  [main] INFO  c.m.p.Practice18Application
        – Starting Practice18Application using Java 19.0.2 with PID 10788 (C:\VS Code Projects\java-4-sem\practice18\build\classes\java\main started by sasha in C:\VS Code Projects\java-4-sem\practice18)
892  [main] INFO  c.m.p.Practice18Application
        – No active profile set, falling back to 1 default profile: "default"
1668 [main] INFO  o.s.d.r.c.RepositoryConfigurationDelegate
        – Bootstrapping Spring Data JPA repositories in DEFAULT mode.
1762 [main] INFO  o.s.d.r.c.RepositoryConfigurationDelegate
        – Finished Spring Data repository scanning in 81 ms. Found 2 JPA repository interfaces.
2517 [main] INFO  o.s.b.w.e.tomcat.TomcatWebServer
        – Tomcat initialized with port(s): 8080 (http)
2531 [main] INFO  o.a.coyote.http11.Http11NioProtocol
        – Initializing ProtocolHandler ["http-nio-8080"]
2532 [main] INFO  o.a.catalina.core.StandardService
        – Starting service [Tomcat]
2532 [main] INFO  o.a.catalina.core.StandardEngine
        – Starting Servlet engine: [Apache Tomcat/10.1.8]
2667 [main] INFO  o.a.c.c.C.[Tomcat].[localhost].[/]
        – Initializing Spring embedded WebApplicationContext
2667 [main] INFO  o.s.b.w.s.c.ServletWebServerApplicationContext
        – Root WebApplicationContext: initialization completed in 1716 ms
2840 [main] INFO  o.h.jpa.internal.util.LogHelper
        – HHH000204: Processing PersistenceUnitInfo [name: default]
2914 [main] INFO  org.hibernate.Version
        – HHH000412: Hibernate ORM core version 6.1.7.Final
3283 [main] INFO  com.zaxxer.hikari.HikariDataSource
        – HikariPool-1 - Starting...
4127 [main] INFO  com.zaxxer.hikari.pool.HikariPool
        – HikariPool-1 - Added connection org.postgresql.jdbc.PgConnection@3a45afd4
4129 [main] INFO  com.zaxxer.hikari.HikariDataSource
        – HikariPool-1 - Start completed.
4237 [main] INFO  SQL dialect
        – HHH000400: Using dialect: org.hibernate.dialect.PostgreSQLDialect
6098 [main] INFO  o.h.e.t.j.p.i.JtaPlatformInitiator
        – HHH000490: Using JtaPlatform implementation: [org.hibernate.engine.transaction.jta.platform.internal.NoJtaPlatform]
6110 [main] INFO  o.s.o.j.LocalContainerEntityManagerFactoryBean
        – Initialized JPA EntityManagerFactory for persistence unit 'default'
6692 [main] WARN  o.s.b.a.o.j.JpaBaseConfiguration$JpaWebConfiguration
        – spring.jpa.open-in-view is enabled by default. Therefore, database queries may be performed during view rendering. Explicitly configure spring.jpa.open-in-view to disable this warning
7037 [main] INFO  o.a.coyote.http11.Http11NioProtocol
        – Starting ProtocolHandler ["http-nio-8080"]
7057 [main] INFO  o.s.b.w.e.tomcat.TomcatWebServer
        – Tomcat started on port(s): 8080 (http) with context path ''
7064 [main] INFO  c.m.p.Practice18Application
        – Started Practice18Application in 6.602 seconds (process running for 7.259)
14817 [http-nio-8080-exec-1] INFO  o.a.c.c.C.[Tomcat].[localhost].[/]
        – Initializing Spring DispatcherServlet 'dispatcherServlet'
14817 [http-nio-8080-exec-1] INFO  o.s.web.servlet.DispatcherServlet
        – Initializing Servlet 'dispatcherServlet'
14818 [http-nio-8080-exec-1] INFO  o.s.web.servlet.DispatcherServlet
        – Completed initialization in 1 ms
14862 [http-nio-8080-exec-1] INFO  c.m.p.D.DepartureServiceImpl
        – Письмо
1414 [main] INFO  c.m.p.Practice18Application
        – Starting Practice18Application using Java 19.0.2 with PID 9156 (C:\VS Code Projects\java-4-sem\practice18\build\classes\java\main started by sasha in C:\VS Code Projects\java-4-sem\practice18)
1417 [main] INFO  c.m.p.Practice18Application
        – No active profile set, falling back to 1 default profile: "default"
2441 [main] INFO  o.s.d.r.c.RepositoryConfigurationDelegate
        – Bootstrapping Spring Data JPA repositories in DEFAULT mode.
2541 [main] INFO  o.s.d.r.c.RepositoryConfigurationDelegate
        – Finished Spring Data repository scanning in 87 ms. Found 2 JPA repository interfaces.
3855 [main] INFO  o.s.b.w.e.tomcat.TomcatWebServer
        – Tomcat initialized with port(s): 8080 (http)
3875 [main] INFO  o.a.coyote.http11.Http11NioProtocol
        – Initializing ProtocolHandler ["http-nio-8080"]
3877 [main] INFO  o.a.catalina.core.StandardService
        – Starting service [Tomcat]
3878 [main] INFO  o.a.catalina.core.StandardEngine
        – Starting Servlet engine: [Apache Tomcat/10.1.8]
4106 [main] INFO  o.a.c.c.C.[Tomcat].[localhost].[/]
        – Initializing Spring embedded WebApplicationContext
4107 [main] INFO  o.s.b.w.s.c.ServletWebServerApplicationContext
        – Root WebApplicationContext: initialization completed in 2614 ms
4386 [main] INFO  o.h.jpa.internal.util.LogHelper
        – HHH000204: Processing PersistenceUnitInfo [name: default]
4543 [main] INFO  org.hibernate.Version
        – HHH000412: Hibernate ORM core version 6.1.7.Final
5196 [main] INFO  com.zaxxer.hikari.HikariDataSource
        – HikariPool-1 - Starting...
6252 [main] INFO  com.zaxxer.hikari.pool.HikariPool
        – HikariPool-1 - Added connection org.postgresql.jdbc.PgConnection@66d3b881
6257 [main] INFO  com.zaxxer.hikari.HikariDataSource
        – HikariPool-1 - Start completed.
6379 [main] INFO  SQL dialect
        – HHH000400: Using dialect: org.hibernate.dialect.PostgreSQLDialect
1367 [main] INFO  c.m.p.Practice18Application
        – Starting Practice18Application using Java 19.0.2 with PID 21564 (C:\VS Code Projects\java-4-sem\practice18\build\classes\java\main started by sasha in C:\VS Code Projects\java-4-sem\practice18)
1372 [main] INFO  c.m.p.Practice18Application
        – No active profile set, falling back to 1 default profile: "default"
2486 [main] INFO  o.s.d.r.c.RepositoryConfigurationDelegate
        – Bootstrapping Spring Data JPA repositories in DEFAULT mode.
2591 [main] INFO  o.s.d.r.c.RepositoryConfigurationDelegate
        – Finished Spring Data repository scanning in 90 ms. Found 2 JPA repository interfaces.
3549 [main] INFO  o.s.b.w.e.tomcat.TomcatWebServer
        – Tomcat initialized with port(s): 8080 (http)
3570 [main] INFO  o.a.coyote.http11.Http11NioProtocol
        – Initializing ProtocolHandler ["http-nio-8080"]
3572 [main] INFO  o.a.catalina.core.StandardService
        – Starting service [Tomcat]
3573 [main] INFO  o.a.catalina.core.StandardEngine
        – Starting Servlet engine: [Apache Tomcat/10.1.8]
3780 [main] INFO  o.a.c.c.C.[Tomcat].[localhost].[/]
        – Initializing Spring embedded WebApplicationContext
3780 [main] INFO  o.s.b.w.s.c.ServletWebServerApplicationContext
        – Root WebApplicationContext: initialization completed in 2312 ms
4085 [main] INFO  o.h.jpa.internal.util.LogHelper
        – HHH000204: Processing PersistenceUnitInfo [name: default]
4168 [main] INFO  org.hibernate.Version
        – HHH000412: Hibernate ORM core version 6.1.7.Final
4760 [main] INFO  com.zaxxer.hikari.HikariDataSource
        – HikariPool-1 - Starting...
5589 [main] INFO  com.zaxxer.hikari.pool.HikariPool
        – HikariPool-1 - Added connection org.postgresql.jdbc.PgConnection@1cba0321
5593 [main] INFO  com.zaxxer.hikari.HikariDataSource
        – HikariPool-1 - Start completed.
5699 [main] INFO  SQL dialect
        – HHH000400: Using dialect: org.hibernate.dialect.PostgreSQLDialect
7891 [main] INFO  o.h.e.t.j.p.i.JtaPlatformInitiator
        – HHH000490: Using JtaPlatform implementation: [org.hibernate.engine.transaction.jta.platform.internal.NoJtaPlatform]
7906 [main] INFO  o.s.o.j.LocalContainerEntityManagerFactoryBean
        – Initialized JPA EntityManagerFactory for persistence unit 'default'
9155 [main] WARN  o.s.b.a.o.j.JpaBaseConfiguration$JpaWebConfiguration
        – spring.jpa.open-in-view is enabled by default. Therefore, database queries may be performed during view rendering. Explicitly configure spring.jpa.open-in-view to disable this warning
9923 [main] INFO  o.a.coyote.http11.Http11NioProtocol
        – Starting ProtocolHandler ["http-nio-8080"]
9968 [main] INFO  o.s.b.w.e.tomcat.TomcatWebServer
        – Tomcat started on port(s): 8080 (http) with context path ''
9985 [main] INFO  c.m.p.Practice18Application
        – Started Practice18Application in 9.428 seconds (process running for 10.348)
1568 [main] INFO  c.m.p.Practice18Application
        – Starting Practice18Application using Java 19.0.2 with PID 20968 (C:\VS Code Projects\java-4-sem\practice18\build\classes\java\main started by sasha in C:\VS Code Projects\java-4-sem\practice18)
1571 [main] INFO  c.m.p.Practice18Application
        – No active profile set, falling back to 1 default profile: "default"
2642 [main] INFO  o.s.d.r.c.RepositoryConfigurationDelegate
        – Bootstrapping Spring Data JPA repositories in DEFAULT mode.
2769 [main] INFO  o.s.d.r.c.RepositoryConfigurationDelegate
        – Finished Spring Data repository scanning in 112 ms. Found 2 JPA repository interfaces.
1353 [main] INFO  c.m.p.Practice18Application
        – Starting Practice18Application using Java 19.0.2 with PID 19268 (C:\VS Code Projects\java-4-sem\practice18\build\classes\java\main started by sasha in C:\VS Code Projects\java-4-sem\practice18)
1358 [main] INFO  c.m.p.Practice18Application
        – No active profile set, falling back to 1 default profile: "default"
2383 [main] INFO  o.s.d.r.c.RepositoryConfigurationDelegate
        – Bootstrapping Spring Data JPA repositories in DEFAULT mode.
2471 [main] INFO  o.s.d.r.c.RepositoryConfigurationDelegate
        – Finished Spring Data repository scanning in 75 ms. Found 2 JPA repository interfaces.
3344 [main] INFO  o.s.b.w.e.tomcat.TomcatWebServer
        – Tomcat initialized with port(s): 8080 (http)
3366 [main] INFO  o.a.coyote.http11.Http11NioProtocol
        – Initializing ProtocolHandler ["http-nio-8080"]
3369 [main] INFO  o.a.catalina.core.StandardService
        – Starting service [Tomcat]
3370 [main] INFO  o.a.catalina.core.StandardEngine
        – Starting Servlet engine: [Apache Tomcat/10.1.8]
3561 [main] INFO  o.a.c.c.C.[Tomcat].[localhost].[/]
        – Initializing Spring embedded WebApplicationContext
3562 [main] INFO  o.s.b.w.s.c.ServletWebServerApplicationContext
        – Root WebApplicationContext: initialization completed in 2126 ms
3881 [main] INFO  o.h.jpa.internal.util.LogHelper
        – HHH000204: Processing PersistenceUnitInfo [name: default]
1219 [main] INFO  c.m.p.Practice18Application
        – Starting Practice18Application using Java 19.0.2 with PID 10696 (C:\VS Code Projects\java-4-sem\practice18\build\classes\java\main started by sasha in C:\VS Code Projects\java-4-sem\practice18)
1222 [main] INFO  c.m.p.Practice18Application
        – No active profile set, falling back to 1 default profile: "default"
1231 [main] INFO  c.m.p.Practice18Application
        – Starting Practice18Application using Java 19.0.2 with PID 6288 (C:\VS Code Projects\java-4-sem\practice18\build\classes\java\main started by sasha in C:\VS Code Projects\java-4-sem\practice18)
1234 [main] INFO  c.m.p.Practice18Application
        – No active profile set, falling back to 1 default profile: "default"
2257 [main] INFO  o.s.d.r.c.RepositoryConfigurationDelegate
        – Bootstrapping Spring Data JPA repositories in DEFAULT mode.
2333 [main] INFO  o.s.d.r.c.RepositoryConfigurationDelegate
        – Finished Spring Data repository scanning in 66 ms. Found 2 JPA repository interfaces.
3150 [main] INFO  o.s.b.w.e.tomcat.TomcatWebServer
        – Tomcat initialized with port(s): 8080 (http)
3167 [main] INFO  o.a.coyote.http11.Http11NioProtocol
        – Initializing ProtocolHandler ["http-nio-8080"]
3169 [main] INFO  o.a.catalina.core.StandardService
        – Starting service [Tomcat]
3169 [main] INFO  o.a.catalina.core.StandardEngine
        – Starting Servlet engine: [Apache Tomcat/10.1.8]
3374 [main] INFO  o.a.c.c.C.[Tomcat].[localhost].[/]
        – Initializing Spring embedded WebApplicationContext
3375 [main] INFO  o.s.b.w.s.c.ServletWebServerApplicationContext
        – Root WebApplicationContext: initialization completed in 2060 ms
3589 [main] INFO  o.h.jpa.internal.util.LogHelper
        – HHH000204: Processing PersistenceUnitInfo [name: default]
3653 [main] INFO  org.hibernate.Version
        – HHH000412: Hibernate ORM core version 6.1.7.Final
4167 [main] INFO  com.zaxxer.hikari.HikariDataSource
        – HikariPool-1 - Starting...
5054 [main] INFO  com.zaxxer.hikari.pool.HikariPool
        – HikariPool-1 - Added connection org.postgresql.jdbc.PgConnection@1cba0321
5057 [main] INFO  com.zaxxer.hikari.HikariDataSource
        – HikariPool-1 - Start completed.
5176 [main] INFO  SQL dialect
        – HHH000400: Using dialect: org.hibernate.dialect.PostgreSQLDialect
7363 [main] INFO  o.h.e.t.j.p.i.JtaPlatformInitiator
        – HHH000490: Using JtaPlatform implementation: [org.hibernate.engine.transaction.jta.platform.internal.NoJtaPlatform]
7380 [main] INFO  o.s.o.j.LocalContainerEntityManagerFactoryBean
        – Initialized JPA EntityManagerFactory for persistence unit 'default'
8336 [main] WARN  o.s.b.a.o.j.JpaBaseConfiguration$JpaWebConfiguration
        – spring.jpa.open-in-view is enabled by default. Therefore, database queries may be performed during view rendering. Explicitly configure spring.jpa.open-in-view to disable this warning
8789 [main] INFO  o.a.coyote.http11.Http11NioProtocol
        – Starting ProtocolHandler ["http-nio-8080"]
8813 [main] INFO  o.s.b.w.e.tomcat.TomcatWebServer
        – Tomcat started on port(s): 8080 (http) with context path ''
8823 [main] INFO  c.m.p.Practice18Application
        – Started Practice18Application in 8.246 seconds (process running for 9.154)
13058 [http-nio-8080-exec-1] INFO  o.a.c.c.C.[Tomcat].[localhost].[/]
        – Initializing Spring DispatcherServlet 'dispatcherServlet'
13059 [http-nio-8080-exec-1] INFO  o.s.web.servlet.DispatcherServlet
        – Initializing Servlet 'dispatcherServlet'
13060 [http-nio-8080-exec-1] INFO  o.s.web.servlet.DispatcherServlet
        – Completed initialization in 1 ms
13157 [http-nio-8080-exec-1] INFO  c.m.p.D.DepartureServiceImpl
        – Getting all departures (type: Письмо, date: null, postOfficeId: 4)
